Could not read data file
close: Exporting image
hamburger: Exporting image
body: Exporting image
tab-bar: Exporting image
logo: Exporting image
awning: Exporting image
news&offers: Exporting image
redeemables: Exporting image
accounthistory: Exporting image
meter-full: Exporting image
meter: Exporting image
earnrewards_state2: Exporting image
earnrewards: Exporting image
seperators: Exporting image
background: Exporting image
photo: Exporting image
nameandemail: Exporting image
options: Exporting image
listseperators: Exporting image
bg: Exporting image
24 views changed
Success: /var/folders/t_/ql1nmrq53llfhmd7jm_s2m2m0000gp/T/9B2295FD-D4ED-446E-A894-EE71B871C6A8-1573-0000159DB987103A/ritas
